This is METAFONT, Version 2.7182818 (TeX Live 2015) (preloaded base=mf 2015.5.24)  8 AUG 2018 12:12
**index.html ..
(index.html
! A statement can't begin with `..'.
<to be read again> 
                   ..
---->..
       tension.infinity..
l.1 ---
       
? :Q
Type <return> to proceed, S to scroll future error messages,
R to run without stopping, Q to run quietly,
I to insert something, E to edit your file,
1 or ... or 9 to ignore the next 1 to 9 tokens of input,
H for help, X to quit.
? :q
Type <return> to proceed, S to scroll future error messages,
R to run without stopping, Q to run quietly,
I to insert something, E to edit your file,
1 or ... or 9 to ignore the next 1 to 9 tokens of input,
H for help, X to quit.
? X

